<?xml version="1.0" encoding="UTF-8"?><testsuite errors="2" failures="0" name="lab5_serenity.features.search.SearchByKeywordStory" skipped="1" tests="3" time="0.09" timestamp="2016-05-130 08:42:44"><testcase classname="lab5_serenity.features.search.SearchByKeywordStory" name="Searching by keyword banana should display the corresponding article"><error message="The path to the driver executable must be set by the webdriver.chrome.driver system property; for more information, see https://github.com/SeleniumHQ/selenium/wiki/ChromeDriver. The latest version can be downloaded from http://chromedriver.storage.googleapis.com/index.html" type="java.lang.IllegalStateException">The path to the driver executable must be set by the webdriver.chrome.driver system property; for more information, see https://github.com/SeleniumHQ/selenium/wiki/ChromeDriver. The latest version can be downloaded from http://chromedriver.storage.googleapis.com/index.html</error><system-err>The path to the driver executable must be set by the webdriver.chrome.driver system property; for more information, see https://github.com/SeleniumHQ/selenium/wiki/ChromeDriver. The latest version can be downloaded from http://chromedriver.storage.googleapis.com/index.html
com.google.common.base.Preconditions.checkState(Preconditions.java:197)
lab5_serenity.features.search.SearchByKeywordStory.&lt;init&gt;(SearchByKeywordStory.java:19)
</system-err></testcase><testcase classname="lab5_serenity.features.search.SearchByKeywordStory" name="Searching by ambiguious keyword should display the disambiguation page"><skipped/></testcase><testcase classname="lab5_serenity.features.search.SearchByKeywordStory" name="Searching by keyword apple should display the corresponding article"><error message="The path to the driver executable must be set by the webdriver.chrome.driver system property; for more information, see https://github.com/SeleniumHQ/selenium/wiki/ChromeDriver. The latest version can be downloaded from http://chromedriver.storage.googleapis.com/index.html" type="java.lang.IllegalStateException">The path to the driver executable must be set by the webdriver.chrome.driver system property; for more information, see https://github.com/SeleniumHQ/selenium/wiki/ChromeDriver. The latest version can be downloaded from http://chromedriver.storage.googleapis.com/index.html</error><system-err>The path to the driver executable must be set by the webdriver.chrome.driver system property; for more information, see https://github.com/SeleniumHQ/selenium/wiki/ChromeDriver. The latest version can be downloaded from http://chromedriver.storage.googleapis.com/index.html
com.google.common.base.Preconditions.checkState(Preconditions.java:197)
lab5_serenity.features.search.SearchByKeywordStory.&lt;init&gt;(SearchByKeywordStory.java:19)
</system-err></testcase></testsuite>